<?xml version="1.0" encoding="UTF-8"?>
<!-- Generated by org.testng.reporters.JUnitReportReporter -->
<testsuite hostname="Asshu" failures="0" tests="2" name="automationExercise.testCases.TestCase3" time="10.377" errors="0" timestamp="2023-06-20T11:37:58 IST" skipped="0">
  <testcase classname="automationExercise.testCases.TestCase3" name="scenarioTc3" time="6.140"/>
  <system-out/>
  <testcase classname="automationExercise.testCases.TestCase3" name="scenarioTc3" time="4.237"/>
  <system-out/>
</testsuite> <!-- automationExercise.testCases.TestCase3 -->
