<?xml version="1.0" encoding="UTF-8"?>
<!-- Generated by org.testng.reporters.JUnitReportReporter -->
<testsuite hostname="Asshu" failures="0" tests="2" name="automationExercise.testCases.TestCase6" time="33.104" errors="0" timestamp="2023-06-20T11:37:58 IST" skipped="0">
  <testcase classname="automationExercise.testCases.TestCase6" name="scenarioTc6" time="17.169"/>
  <system-out/>
  <testcase classname="automationExercise.testCases.TestCase6" name="scenarioTc6" time="15.935"/>
  <system-out/>
</testsuite> <!-- automationExercise.testCases.TestCase6 -->
