<?xml version="1.0" encoding="UTF-8"?>
<!-- Generated by org.testng.reporters.JUnitReportReporter -->
<testsuite hostname="Asshu" failures="0" tests="1" name="automationExercise.testCases.TestCase1" time="33.168" errors="0" timestamp="2023-06-19T16:41:15 IST" skipped="0">
  <testcase classname="automationExercise.testCases.TestCase1" name="scenarioTc1" time="33.168"/>
  <system-out/>
</testsuite> <!-- automationExercise.testCases.TestCase1 -->
