<?xml version="1.0" encoding="UTF-8"?>
<!-- Generated by org.testng.reporters.JUnitReportReporter -->
<testsuite hostname="Asshu" failures="0" tests="2" name="automationExercise.testCases.TestCase4" time="44.862" errors="0" timestamp="25 Jun 2023 21:51:23 GMT" skipped="0">
  <testcase classname="automationExercise.testCases.TestCase4" name="scenarioTc4" time="23.337"/>
  <testcase classname="automationExercise.testCases.TestCase4" name="scenarioTc4" time="21.525"/>
</testsuite> <!-- automationExercise.testCases.TestCase4 -->
