<?xml version="1.0" encoding="UTF-8"?>
<!-- Generated by org.testng.reporters.JUnitReportReporter -->
<testsuite hostname="Asshu" failures="0" tests="2" name="automationExercise.testCases.TestCase6" time="33.351" errors="0" timestamp="25 Jun 2023 21:51:23 GMT" skipped="0">
  <testcase classname="automationExercise.testCases.TestCase6" name="scenarioTc6" time="18.604"/>
  <testcase classname="automationExercise.testCases.TestCase6" name="scenarioTc6" time="14.747"/>
</testsuite> <!-- automationExercise.testCases.TestCase6 -->
