<?xml version="1.0" encoding="UTF-8"?>
<!-- Generated by org.testng.reporters.JUnitReportReporter -->
<testsuite hostname="Asshu" failures="0" tests="2" name="automationExercise.testCases.TestCase2" time="97.912" errors="0" timestamp="25 Jun 2023 21:51:23 GMT" skipped="0">
  <testcase classname="automationExercise.testCases.TestCase2" name="scenarioTc2" time="55.737"/>
  <testcase classname="automationExercise.testCases.TestCase2" name="scenarioTc2" time="42.175"/>
</testsuite> <!-- automationExercise.testCases.TestCase2 -->
