<?xml version="1.0" encoding="UTF-8"?>
<!-- Generated by org.testng.reporters.JUnitReportReporter -->
<testsuite hostname="Asshu" failures="0" tests="2" name="automationExercise.testCases.TestCase4" time="66.009" errors="0" timestamp="2023-06-20T14:46:05 IST" skipped="0">
  <testcase classname="automationExercise.testCases.TestCase4" name="scenarioTc3" time="32.432"/>
  <system-out/>
  <testcase classname="automationExercise.testCases.TestCase4" name="scenarioTc3" time="33.577"/>
  <system-out/>
</testsuite> <!-- automationExercise.testCases.TestCase4 -->
