<?xml version="1.0" encoding="UTF-8"?>
<!-- Generated by org.testng.reporters.JUnitReportReporter -->
<testsuite hostname="Asshu" failures="0" tests="2" name="automationExercise.testCases.TestCase2" time="120.930" errors="0" timestamp="2023-06-20T14:46:05 IST" skipped="0">
  <testcase classname="automationExercise.testCases.TestCase2" name="scenarioTc2" time="68.416"/>
  <system-out/>
  <testcase classname="automationExercise.testCases.TestCase2" name="scenarioTc2" time="52.514"/>
  <system-out/>
</testsuite> <!-- automationExercise.testCases.TestCase2 -->
