<?xml version="1.0" encoding="UTF-8"?>
<!-- Generated by org.testng.reporters.JUnitReportReporter -->
<testsuite hostname="Asshu" failures="0" tests="2" name="automationExercise.testCases.TestCase5" time="128.002" errors="0" timestamp="2023-06-20T14:46:05 IST" skipped="0">
  <testcase classname="automationExercise.testCases.TestCase5" name="scenarioTc5" time="61.651"/>
  <system-out/>
  <testcase classname="automationExercise.testCases.TestCase5" name="scenarioTc5" time="66.351"/>
  <system-out/>
</testsuite> <!-- automationExercise.testCases.TestCase5 -->
