<?xml version="1.0" encoding="UTF-8"?>
<!-- Generated by org.testng.reporters.JUnitReportReporter -->
<testsuite hostname="Asshu" failures="0" tests="1" name="automationExercise.testCases.TestCase2" time="21.724" errors="0" timestamp="2023-06-19T16:58:16 IST" skipped="0">
  <testcase classname="automationExercise.testCases.TestCase2" name="scenarioTc2" time="21.724"/>
  <system-out/>
</testsuite> <!-- automationExercise.testCases.TestCase2 -->
