<?xml version="1.0" encoding="UTF-8"?>
<!-- Generated by org.testng.reporters.JUnitReportReporter -->
<testsuite hostname="Asshu" failures="0" tests="1" name="automationExercise.testCases.TestCase4" time="34.006" errors="0" timestamp="2023-06-19T20:47:25 IST" skipped="0">
  <testcase classname="automationExercise.testCases.TestCase4" name="scenarioTc3" time="34.006"/>
  <system-out/>
</testsuite> <!-- automationExercise.testCases.TestCase4 -->
