<?xml version="1.0" encoding="UTF-8"?>
<!-- Generated by org.testng.reporters.JUnitReportReporter -->
<testsuite hostname="Asshu" failures="0" tests="2" name="automationExercise.testCases.TestCase5" time="93.390" errors="0" timestamp="25 Jun 2023 21:51:23 GMT" skipped="0">
  <testcase classname="automationExercise.testCases.TestCase5" name="scenarioTc5" time="47.930"/>
  <testcase classname="automationExercise.testCases.TestCase5" name="scenarioTc5" time="45.460"/>
</testsuite> <!-- automationExercise.testCases.TestCase5 -->
