<?xml version="1.0" encoding="UTF-8"?>
<!-- Generated by org.testng.reporters.JUnitReportReporter -->
<testsuite hostname="Asshu" failures="0" tests="2" name="automationExercise.testCases.TestCase1" time="91.154" errors="0" timestamp="25 Jun 2023 21:51:23 GMT" skipped="0">
  <testcase classname="automationExercise.testCases.TestCase1" name="scenarioTc1" time="34.083"/>
  <testcase classname="automationExercise.testCases.TestCase1" name="scenarioTc1" time="57.071"/>
</testsuite> <!-- automationExercise.testCases.TestCase1 -->
