<?xml version="1.0" encoding="UTF-8"?>
<!-- Generated by org.testng.reporters.JUnitReportReporter -->
<testsuite hostname="Asshu" failures="0" tests="2" name="automationExercise.testCases.TestCase1" time="83.289" errors="0" timestamp="2023-06-20T14:46:05 IST" skipped="0">
  <testcase classname="automationExercise.testCases.TestCase1" name="scenarioTc1" time="46.177"/>
  <system-out/>
  <testcase classname="automationExercise.testCases.TestCase1" name="scenarioTc1" time="37.112"/>
  <system-out/>
</testsuite> <!-- automationExercise.testCases.TestCase1 -->
