<?xml version="1.0" encoding="UTF-8"?>
<!-- Generated by org.testng.reporters.JUnitReportReporter -->
<testsuite hostname="Asshu" failures="0" tests="1" name="automationExercise.testCases.TestCase6" time="9.064" errors="0" timestamp="2023-06-19T21:39:15 IST" skipped="0">
  <testcase classname="automationExercise.testCases.TestCase6" name="scenarioTc6" time="9.064"/>
  <system-out/>
</testsuite> <!-- automationExercise.testCases.TestCase6 -->
