<?xml version="1.0" encoding="UTF-8"?>
<!-- Generated by org.testng.reporters.JUnitReportReporter -->
<testsuite hostname="Asshu" failures="0" tests="2" name="automationExercise.testCases.TestCase1" time="73.370" errors="0" timestamp="2023-06-20T11:37:58 IST" skipped="0">
  <testcase classname="automationExercise.testCases.TestCase1" name="scenarioTc1" time="40.147"/>
  <system-out/>
  <testcase classname="automationExercise.testCases.TestCase1" name="scenarioTc1" time="33.223"/>
  <system-out/>
</testsuite> <!-- automationExercise.testCases.TestCase1 -->
