<?xml version="1.0" encoding="UTF-8"?>
<!-- Generated by org.testng.reporters.JUnitReportReporter -->
<testsuite hostname="Asshu" failures="0" tests="2" name="automationExercise.testCases.TestCase3" time="10.899" errors="0" timestamp="25 Jun 2023 21:51:23 GMT" skipped="0">
  <testcase classname="automationExercise.testCases.TestCase3" name="scenarioTc3" time="5.592"/>
  <testcase classname="automationExercise.testCases.TestCase3" name="scenarioTc3" time="5.307"/>
</testsuite> <!-- automationExercise.testCases.TestCase3 -->
