<?xml version="1.0" encoding="UTF-8"?>
<!-- Generated by org.testng.reporters.JUnitReportReporter -->
<testsuite hostname="Asshu" failures="0" tests="2" name="automationExercise.testCases.TestCase5" time="143.818" errors="0" timestamp="2023-06-20T11:37:58 IST" skipped="0">
  <testcase classname="automationExercise.testCases.TestCase5" name="scenarioTc5" time="76.682"/>
  <system-out/>
  <testcase classname="automationExercise.testCases.TestCase5" name="scenarioTc5" time="67.136"/>
  <system-out/>
</testsuite> <!-- automationExercise.testCases.TestCase5 -->
