<?xml version="1.0" encoding="UTF-8"?>
<!-- Generated by org.testng.reporters.JUnitReportReporter -->
<testsuite hostname="Asshu" failures="0" tests="1" name="automationExercise.testCases.TestCase5" time="68.076" errors="0" timestamp="2023-06-19T21:18:30 IST" skipped="0">
  <testcase classname="automationExercise.testCases.TestCase5" name="scenarioTc5" time="68.076"/>
  <system-out/>
</testsuite> <!-- automationExercise.testCases.TestCase5 -->
